20-Feb-2026 08:57:00.075 INFO [main] org.apache.catalina.startup.VersionLoggerListener.log Server version name:   Apache Tomcat/11.0.18
20-Feb-2026 08:57:00.104 INFO [main] org.apache.catalina.startup.VersionLoggerListener.log Server built:          Jan 23 2026 10:22:57 UTC
20-Feb-2026 08:57:00.105 INFO [main] org.apache.catalina.startup.VersionLoggerListener.log Server version number: 11.0.18.0
20-Feb-2026 08:57:00.105 INFO [main] org.apache.catalina.startup.VersionLoggerListener.log OS Name:               Linux
20-Feb-2026 08:57:00.105 INFO [main] org.apache.catalina.startup.VersionLoggerListener.log OS Version:            5.15.0-170-generic
20-Feb-2026 08:57:00.105 INFO [main] org.apache.catalina.startup.VersionLoggerListener.log Architecture:          amd64
20-Feb-2026 08:57:00.105 INFO [main] org.apache.catalina.startup.VersionLoggerListener.log Java Home:             /usr/lib/jvm/java-17-openjdk-amd64
20-Feb-2026 08:57:00.105 INFO [main] org.apache.catalina.startup.VersionLoggerListener.log JVM Version:           17.0.18+8-Ubuntu-122.04.1
20-Feb-2026 08:57:00.105 INFO [main] org.apache.catalina.startup.VersionLoggerListener.log JVM Vendor:            Ubuntu
20-Feb-2026 08:57:00.105 INFO [main] org.apache.catalina.startup.VersionLoggerListener.log CATALINA_BASE:         /home/irabhi/Downloads/apache-tomcat-11.0.18
20-Feb-2026 08:57:00.105 INFO [main] org.apache.catalina.startup.VersionLoggerListener.log CATALINA_HOME:         /home/irabhi/Downloads/apache-tomcat-11.0.18
20-Feb-2026 08:57:00.165 INFO [main] org.apache.catalina.startup.VersionLoggerListener.log Command line argument: -Djava.util.logging.config.file=/home/irabhi/Downloads/apache-tomcat-11.0.18/conf/logging.properties
20-Feb-2026 08:57:00.165 INFO [main] org.apache.catalina.startup.VersionLoggerListener.log Command line argument: -Djava.util.logging.manager=org.apache.juli.ClassLoaderLogManager
20-Feb-2026 08:57:00.165 INFO [main] org.apache.catalina.startup.VersionLoggerListener.log Command line argument: -Djdk.tls.ephemeralDHKeySize=2048
20-Feb-2026 08:57:00.166 INFO [main] org.apache.catalina.startup.VersionLoggerListener.log Command line argument: -Dorg.apache.catalina.security.SecurityListener.UMASK=0027
20-Feb-2026 08:57:00.166 INFO [main] org.apache.catalina.startup.VersionLoggerListener.log Command line argument: --add-opens=java.base/java.lang=ALL-UNNAMED
20-Feb-2026 08:57:00.166 INFO [main] org.apache.catalina.startup.VersionLoggerListener.log Command line argument: --add-opens=java.base/java.lang.reflect=ALL-UNNAMED
20-Feb-2026 08:57:00.166 INFO [main] org.apache.catalina.startup.VersionLoggerListener.log Command line argument: --add-opens=java.base/java.io=ALL-UNNAMED
20-Feb-2026 08:57:00.166 INFO [main] org.apache.catalina.startup.VersionLoggerListener.log Command line argument: --add-opens=java.base/java.util=ALL-UNNAMED
20-Feb-2026 08:57:00.166 INFO [main] org.apache.catalina.startup.VersionLoggerListener.log Command line argument: --add-opens=java.base/java.util.concurrent=ALL-UNNAMED
20-Feb-2026 08:57:00.166 INFO [main] org.apache.catalina.startup.VersionLoggerListener.log Command line argument: --add-opens=java.rmi/sun.rmi.transport=ALL-UNNAMED
20-Feb-2026 08:57:00.166 INFO [main] org.apache.catalina.startup.VersionLoggerListener.log Command line argument: --enable-native-access=ALL-UNNAMED
20-Feb-2026 08:57:00.166 INFO [main] org.apache.catalina.startup.VersionLoggerListener.log Command line argument: -Dcatalina.base=/home/irabhi/Downloads/apache-tomcat-11.0.18
20-Feb-2026 08:57:00.166 INFO [main] org.apache.catalina.startup.VersionLoggerListener.log Command line argument: -Dcatalina.home=/home/irabhi/Downloads/apache-tomcat-11.0.18
20-Feb-2026 08:57:00.166 INFO [main] org.apache.catalina.startup.VersionLoggerListener.log Command line argument: -Djava.io.tmpdir=/home/irabhi/Downloads/apache-tomcat-11.0.18/temp
20-Feb-2026 08:57:00.203 INFO [main] org.apache.catalina.core.AprLifecycleListener.lifecycleEvent The Apache Tomcat Native library which allows using OpenSSL was not found on the java.library.path: [/usr/java/packages/lib:/usr/lib/x86_64-linux-gnu/jni:/lib/x86_64-linux-gnu:/usr/lib/x86_64-linux-gnu:/usr/lib/jni:/lib:/usr/lib]
20-Feb-2026 08:57:00.559 INFO [main] org.apache.coyote.AbstractProtocol.init Initializing ProtocolHandler ["http-nio-8080"]
20-Feb-2026 08:57:00.628 INFO [main] org.apache.catalina.startup.Catalina.load Server initialization in [904] milliseconds
20-Feb-2026 08:57:00.687 INFO [main] org.apache.catalina.core.StandardService.startInternal Starting service [Catalina]
20-Feb-2026 08:57:00.688 INFO [main] org.apache.catalina.core.StandardEngine.startInternal Starting Servlet engine: [Apache Tomcat/11.0.18]
20-Feb-2026 08:57:00.696 INFO [main] org.apache.catalina.startup.HostConfig.deployDirectory Deploying web application directory [/home/irabhi/Downloads/apache-tomcat-11.0.18/webapps/ROOT]
20-Feb-2026 08:57:01.085 INFO [main] org.apache.catalina.startup.HostConfig.deployDirectory Deployment of web application directory [/home/irabhi/Downloads/apache-tomcat-11.0.18/webapps/ROOT] has finished in [389] ms
20-Feb-2026 08:57:01.086 INFO [main] org.apache.catalina.startup.HostConfig.deployDirectory Deploying web application directory [/home/irabhi/Downloads/apache-tomcat-11.0.18/webapps/docs]
20-Feb-2026 08:57:01.113 INFO [main] org.apache.catalina.startup.HostConfig.deployDirectory Deployment of web application directory [/home/irabhi/Downloads/apache-tomcat-11.0.18/webapps/docs] has finished in [27] ms
20-Feb-2026 08:57:01.113 INFO [main] org.apache.catalina.startup.HostConfig.deployDirectory Deploying web application directory [/home/irabhi/Downloads/apache-tomcat-11.0.18/webapps/examples]
20-Feb-2026 08:57:01.323 INFO [main] org.apache.catalina.startup.HostConfig.deployDirectory Deployment of web application directory [/home/irabhi/Downloads/apache-tomcat-11.0.18/webapps/examples] has finished in [209] ms
20-Feb-2026 08:57:01.323 INFO [main] org.apache.catalina.startup.HostConfig.deployDirectory Deploying web application directory [/home/irabhi/Downloads/apache-tomcat-11.0.18/webapps/host-manager]
20-Feb-2026 08:57:01.348 INFO [main] org.apache.catalina.startup.HostConfig.deployDirectory Deployment of web application directory [/home/irabhi/Downloads/apache-tomcat-11.0.18/webapps/host-manager] has finished in [24] ms
20-Feb-2026 08:57:01.348 INFO [main] org.apache.catalina.startup.HostConfig.deployDirectory Deploying web application directory [/home/irabhi/Downloads/apache-tomcat-11.0.18/webapps/manager]
20-Feb-2026 08:57:01.362 INFO [main] org.apache.catalina.startup.HostConfig.deployDirectory Deployment of web application directory [/home/irabhi/Downloads/apache-tomcat-11.0.18/webapps/manager] has finished in [14] ms
20-Feb-2026 08:57:01.367 INFO [main] org.apache.coyote.AbstractProtocol.start Starting ProtocolHandler ["http-nio-8080"]
20-Feb-2026 08:57:01.443 INFO [main] org.apache.catalina.startup.Catalina.start Server startup in [814] milliseconds
20-Feb-2026 08:58:36.679 INFO [main] org.apache.catalina.core.StandardServer.await A valid shutdown command was received via the shutdown port. Stopping the Server instance.
20-Feb-2026 08:58:36.679 INFO [main] org.apache.coyote.AbstractProtocol.pause Pausing ProtocolHandler ["http-nio-8080"]
20-Feb-2026 08:58:36.682 INFO [main] org.apache.catalina.core.StandardService.stopInternal Stopping service [Catalina]
20-Feb-2026 08:58:36.722 INFO [main] org.apache.coyote.AbstractProtocol.stop Stopping ProtocolHandler ["http-nio-8080"]
20-Feb-2026 08:58:36.729 INFO [main] org.apache.coyote.AbstractProtocol.destroy Destroying ProtocolHandler ["http-nio-8080"]
