20-Feb-2026 08:57:01.314 INFO [main] org.apache.catalina.core.ApplicationContext.log ContextListener: contextInitialized()
20-Feb-2026 08:57:01.315 INFO [main] org.apache.catalina.core.ApplicationContext.log SessionListener: contextInitialized()
20-Feb-2026 08:57:01.316 INFO [main] org.apache.catalina.core.ApplicationContext.log ContextListener: attributeAdded('StockTicker', 'async.Stockticker@6ca0256d')
20-Feb-2026 08:58:36.714 INFO [main] org.apache.catalina.core.ApplicationContext.log SessionListener: contextDestroyed()
20-Feb-2026 08:58:36.714 INFO [main] org.apache.catalina.core.ApplicationContext.log ContextListener: contextDestroyed()
20-Feb-2026 08:59:23.152 INFO [main] org.apache.catalina.core.ApplicationContext.log ContextListener: contextInitialized()
20-Feb-2026 08:59:23.153 INFO [main] org.apache.catalina.core.ApplicationContext.log SessionListener: contextInitialized()
20-Feb-2026 08:59:23.155 INFO [main] org.apache.catalina.core.ApplicationContext.log ContextListener: attributeAdded('StockTicker', 'async.Stockticker@1ddae9b5')
20-Feb-2026 08:59:50.910 INFO [Thread-1] org.apache.catalina.core.ApplicationContext.log SessionListener: contextDestroyed()
20-Feb-2026 08:59:50.910 INFO [Thread-1] org.apache.catalina.core.ApplicationContext.log ContextListener: contextDestroyed()
20-Feb-2026 09:31:17.490 INFO [main] org.apache.catalina.core.ApplicationContext.log ContextListener: contextInitialized()
20-Feb-2026 09:31:17.491 INFO [main] org.apache.catalina.core.ApplicationContext.log SessionListener: contextInitialized()
20-Feb-2026 09:31:17.494 INFO [main] org.apache.catalina.core.ApplicationContext.log ContextListener: attributeAdded('StockTicker', 'async.Stockticker@3f28bd56')
20-Feb-2026 09:35:58.218 INFO [Thread-1] org.apache.catalina.core.ApplicationContext.log SessionListener: contextDestroyed()
20-Feb-2026 09:35:58.218 INFO [Thread-1] org.apache.catalina.core.ApplicationContext.log ContextListener: contextDestroyed()
20-Feb-2026 09:44:51.976 INFO [main] org.apache.catalina.core.ApplicationContext.log ContextListener: contextInitialized()
20-Feb-2026 09:44:51.976 INFO [main] org.apache.catalina.core.ApplicationContext.log SessionListener: contextInitialized()
20-Feb-2026 09:44:51.977 INFO [main] org.apache.catalina.core.ApplicationContext.log ContextListener: attributeAdded('StockTicker', 'async.Stockticker@6e16b8b5')
20-Feb-2026 09:47:53.060 INFO [Thread-1] org.apache.catalina.core.ApplicationContext.log SessionListener: contextDestroyed()
20-Feb-2026 09:47:53.060 INFO [Thread-1] org.apache.catalina.core.ApplicationContext.log ContextListener: contextDestroyed()
